<?xml version="1.0" encoding="UTF-8"?>
<!-- Generated by org.testng.reporters.JUnitXMLReporter -->
<testsuite hostname="vikas" ignored="0" name="test1" tests="4" failures="0" timestamp="2023-01-10T11:09:46 IST" time="0.095" errors="0">
  <testcase name="f" time="0.016" classname="p1.Class1$class1a"/>
  <testcase name="f" time="0.0" classname="p1.Class1"/>
  <testcase name="f" time="0.0" classname="p2.Class2$class2a"/>
  <testcase name="f" time="0.0" classname="p2.Class2"/>
</testsuite> <!-- test1 -->
